# JRE version: OpenJDK Runtime Environment (7.0_51) (build 1.7.0_51-b00)
# Java VM: OpenJDK 64-Bit Server VM (24.45-b08 mixed mode linux-amd64 compressed oops)
Heap
 PSYoungGen      total 13824K, used 8000K [0x00000000f0f00000, 0x00000000f2100000, 0x0000000100000000)
  eden space 12288K, 52% used [0x00000000f0f00000,0x00000000f1552090,0x00000000f1b00000)
  from space 1536K, 99% used [0x00000000f1b00000,0x00000000f1c7e260,0x00000000f1c80000)
  to   space 3072K, 0% used [0x00000000f1e00000,0x00000000f1e00000,0x00000000f2100000)
 ParOldGen       total 30720K, used 1271K [0x00000000d2e00000, 0x00000000d4c00000, 0x00000000f0f00000)
  object space 30720K, 4% used [0x00000000d2e00000,0x00000000d2f3ddb0,0x00000000d4c00000)
 PSPermGen       total 21504K, used 8299K [0x00000000c8800000, 0x00000000c9d00000, 0x00000000d2e00000)
  object space 21504K, 38% used [0x00000000c8800000,0x00000000c901afb0,0x00000000c9d00000)
GC Heap History (10 events):
Event: 1.194 GC heap before
{Heap before GC invocations=1 (full 0):
 PSYoungGen      total 13824K, used 12288K [0x00000000f0f00000, 0x00000000f1e00000, 0x0000000100000000)
  eden space 12288K, 100% used [0x00000000f0f00000,0x00000000f1b00000,0x00000000f1b00000)
  from space 1536K, 0% used [0x00000000f1c80000,0x00000000f1c80000,0x00000000f1e00000)
  to   space 1536K, 0% used [0x00000000f1b00000,0x00000000f1b00000,0x00000000f1c80000)
 ParOldGen       total 30720K, used 0K [0x00000000d2e00000, 0x00000000d4c00000, 0x00000000f0f00000)
  object space 30720K, 0% used [0x00000000d2e00000,0x00000000d2e00000,0x00000000d4c00000)
 PSPermGen       total 21504K, used 8085K [0x00000000c8800000, 0x00000000c9d00000, 0x00000000d2e00000)
  object space 21504K, 37% used [0x00000000c8800000,0x00000000c8fe56e8,0x00000000c9d00000)
Event: 1.201 GC heap after
Heap after GC invocations=1 (full 0):
 PSYoungGen      total 13824K, used 1528K [0x00000000f0f00000, 0x00000000f1e00000, 0x0000000100000000)
  eden space 12288K, 0% used [0x00000000f0f00000,0x00000000f0f00000,0x00000000f1b00000)
  from space 1536K, 99% used [0x00000000f1b00000,0x00000000f1c7e270,0x00000000f1c80000)
  to   space 1536K, 0% used [0x00000000f1c80000,0x00000000f1c80000,0x00000000f1e00000)
 ParOldGen       total 30720K, used 1148K [0x00000000d2e00000, 0x00000000d4c00000, 0x00000000f0f00000)
  object space 30720K, 3% used [0x00000000d2e00000,0x00000000d2f1f018,0x00000000d4c00000)
 PSPermGen       total 21504K, used 8085K [0x00000000c8800000, 0x00000000c9d00000, 0x00000000d2e00000)
  object space 21504K, 37% used [0x00000000c8800000,0x00000000c8fe56e8,0x00000000c9d00000)
}
Event: 45.875 GC heap before
{Heap before GC invocations=2 (full 0):
 PSYoungGen      total 13824K, used 13816K [0x00000000f0f00000, 0x00000000f1e00000, 0x0000000100000000)
  eden space 12288K, 100% used [0x00000000f0f00000,0x00000000f1b00000,0x00000000f1b00000)
  from space 1536K, 99% used [0x00000000f1b00000,0x00000000f1c7e270,0x00000000f1c80000)
  to   space 1536K, 0% used [0x00000000f1c80000,0x00000000f1c80000,0x00000000f1e00000)
 ParOldGen       total 30720K, used 1148K [0x00000000d2e00000, 0x00000000d4c00000, 0x00000000f0f00000)
  object space 30720K, 3% used [0x00000000d2e00000,0x00000000d2f1f018,0x00000000d4c00000)
 PSPermGen       total 21504K, used 8251K [0x00000000c8800000, 0x00000000c9d00000, 0x00000000d2e00000)
  object space 21504K, 38% used [0x00000000c8800000,0x00000000c900efd0,0x00000000c9d00000)
Event: 45.888 GC heap after
Heap after GC invocations=2 (full 0):
 PSYoungGen      total 13824K, used 1512K [0x00000000f0f00000, 0x00000000f1e00000, 0x0000000100000000)
  eden space 12288K, 0% used [0x00000000f0f00000,0x00000000f0f00000,0x00000000f1b00000)
  from space 1536K, 98% used [0x00000000f1c80000,0x00000000f1dfa270,0x00000000f1e00000)
  to   space 1536K, 0% used [0x00000000f1b00000,0x00000000f1b00000,0x00000000f1c80000)
 ParOldGen       total 30720K, used 1239K [0x00000000d2e00000, 0x00000000d4c00000, 0x00000000f0f00000)
  object space 30720K, 4% used [0x00000000d2e00000,0x00000000d2f35db0,0x00000000d4c00000)
 PSPermGen       total 21504K, used 8251K [0x00000000c8800000, 0x00000000c9d00000, 0x00000000d2e00000)
  object space 21504K, 38% used [0x00000000c8800000,0x00000000c900efd0,0x00000000c9d00000)
}
Event: 113.766 GC heap before
{Heap before GC invocations=3 (full 0):
 PSYoungGen      total 13824K, used 13800K [0x00000000f0f00000, 0x00000000f1e00000, 0x0000000100000000)
  eden space 12288K, 100% used [0x00000000f0f00000,0x00000000f1b00000,0x00000000f1b00000)
  from space 1536K, 98% used [0x00000000f1c80000,0x00000000f1dfa270,0x00000000f1e00000)
  to   space 1536K, 0% used [0x00000000f1b00000,0x00000000f1b00000,0x00000000f1c80000)
 ParOldGen       total 30720K, used 1239K [0x00000000d2e00000, 0x00000000d4c00000, 0x00000000f0f00000)
  object space 30720K, 4% used [0x00000000d2e00000,0x00000000d2f35db0,0x00000000d4c00000)
 PSPermGen       total 21504K, used 8291K [0x00000000c8800000, 0x00000000c9d00000, 0x00000000d2e00000)
  object space 21504K, 38% used [0x00000000c8800000,0x00000000c9018fa0,0x00000000c9d00000)
Event: 113.773 GC heap after
Heap after GC invocations=3 (full 0):
 PSYoungGen      total 13824K, used 1512K [0x00000000f0f00000, 0x00000000f1e00000, 0x0000000100000000)
  eden space 12288K, 0% used [0x00000000f0f00000,0x00000000f0f00000,0x00000000f1b00000)
  from space 1536K, 98% used [0x00000000f1b00000,0x00000000f1c7a270,0x00000000f1c80000)
  to   space 1536K, 0% used [0x00000000f1c80000,0x00000000f1c80000,0x00000000f1e00000)
 ParOldGen       total 30720K, used 1247K [0x00000000d2e00000, 0x00000000d4c00000, 0x00000000f0f00000)
  object space 30720K, 4% used [0x00000000d2e00000,0x00000000d2f37db0,0x00000000d4c00000)
 PSPermGen       total 21504K, used 8291K [0x00000000c8800000, 0x00000000c9d00000, 0x00000000d2e00000)
  object space 21504K, 38% used [0x00000000c8800000,0x00000000c9018fa0,0x00000000c9d00000)
}
Event: 181.577 GC heap before
{Heap before GC invocations=4 (full 0):
 PSYoungGen      total 13824K, used 13800K [0x00000000f0f00000, 0x00000000f1e00000, 0x0000000100000000)
  eden space 12288K, 100% used [0x00000000f0f00000,0x00000000f1b00000,0x00000000f1b00000)
  from space 1536K, 98% used [0x00000000f1b00000,0x00000000f1c7a270,0x00000000f1c80000)
  to   space 1536K, 0% used [0x00000000f1c80000,0x00000000f1c80000,0x00000000f1e00000)
 ParOldGen       total 30720K, used 1247K [0x00000000d2e00000, 0x00000000d4c00000, 0x00000000f0f00000)
  object space 30720K, 4% used [0x00000000d2e00000,0x00000000d2f37db0,0x00000000d4c00000)
 PSPermGen       total 21504K, used 8299K [0x00000000c8800000, 0x00000000c9d00000, 0x00000000d2e00000)
  object space 21504K, 38% used [0x00000000c8800000,0x00000000c901acd0,0x00000000c9d00000)
Event: 181.586 GC heap after
Heap after GC invocations=4 (full 0):
 PSYoungGen      total 13824K, used 1512K [0x00000000f0f00000, 0x00000000f1e00000, 0x0000000100000000)
  eden space 12288K, 0% used [0x00000000f0f00000,0x00000000f0f00000,0x00000000f1b00000)
  from space 1536K, 98% used [0x00000000f1c80000,0x00000000f1dfa270,0x00000000f1e00000)
  to   space 1536K, 0% used [0x00000000f1b00000,0x00000000f1b00000,0x00000000f1c80000)
 ParOldGen       total 30720K, used 1263K [0x00000000d2e00000, 0x00000000d4c00000, 0x00000000f0f00000)
  object space 30720K, 4% used [0x00000000d2e00000,0x00000000d2f3bdb0,0x00000000d4c00000)
 PSPermGen       total 21504K, used 8299K [0x00000000c8800000, 0x00000000c9d00000, 0x00000000d2e00000)
  object space 21504K, 38% used [0x00000000c8800000,0x00000000c901acd0,0x00000000c9d00000)
}
Event: 249.049 GC heap before
{Heap before GC invocations=5 (full 0):
 PSYoungGen      total 13824K, used 13800K [0x00000000f0f00000, 0x00000000f1e00000, 0x0000000100000000)
  eden space 12288K, 100% used [0x00000000f0f00000,0x00000000f1b00000,0x00000000f1b00000)
  from space 1536K, 98% used [0x00000000f1c80000,0x00000000f1dfa270,0x00000000f1e00000)
  to   space 1536K, 0% used [0x00000000f1b00000,0x00000000f1b00000,0x00000000f1c80000)
 ParOldGen       total 30720K, used 1263K [0x00000000d2e00000, 0x00000000d4c00000, 0x00000000f0f00000)
  object space 30720K, 4% used [0x00000000d2e00000,0x00000000d2f3bdb0,0x00000000d4c00000)
 PSPermGen       total 21504K, used 8299K [0x00000000c8800000, 0x00000000c9d00000, 0x00000000d2e00000)
  object space 21504K, 38% used [0x00000000c8800000,0x00000000c901afb0,0x00000000c9d00000)
Event: 249.061 GC heap after
Heap after GC invocations=5 (full 0):
 PSYoungGen      total 13824K, used 1528K [0x00000000f0f00000, 0x00000000f2100000, 0x0000000100000000)
  eden space 12288K, 0% used [0x00000000f0f00000,0x00000000f0f00000,0x00000000f1b00000)
  from space 1536K, 99% used [0x00000000f1b00000,0x00000000f1c7e260,0x00000000f1c80000)
  to   space 3072K, 0% used [0x00000000f1e00000,0x00000000f1e00000,0x00000000f2100000)
 ParOldGen       total 30720K, used 1271K [0x00000000d2e00000, 0x00000000d4c00000, 0x00000000f0f00000)
  object space 30720K, 4% used [0x00000000d2e00000,0x00000000d2f3ddb0,0x00000000d4c00000)
 PSPermGen       total 21504K, used 8299K [0x00000000c8800000, 0x00000000c9d00000, 0x00000000d2e00000)
  object space 21504K, 38% used [0x00000000c8800000,0x00000000c901afb0,0x00000000c9d00000)
}

