# JRE version: OpenJDK Runtime Environment (7.0_51) (build 1.7.0_51-b00)
# Java VM: OpenJDK 64-Bit Server VM (24.45-b08 mixed mode linux-amd64 compressed oops)
Heap
 PSYoungGen      total 13824K, used 9156K [0x00000000f0f00000, 0x00000000f1e00000, 0x0000000100000000)
  eden space 12288K, 62% used [0x00000000f0f00000,0x00000000f1673078,0x00000000f1b00000)
  from space 1536K, 99% used [0x00000000f1c80000,0x00000000f1dfe260,0x00000000f1e00000)
  to   space 1536K, 0% used [0x00000000f1b00000,0x00000000f1b00000,0x00000000f1c80000)
 ParOldGen       total 30720K, used 1273K [0x00000000d2e00000, 0x00000000d4c00000, 0x00000000f0f00000)
  object space 30720K, 4% used [0x00000000d2e00000,0x00000000d2f3e608,0x00000000d4c00000)
 PSPermGen       total 21504K, used 8397K [0x00000000c8800000, 0x00000000c9d00000, 0x00000000d2e00000)
  object space 21504K, 39% used [0x00000000c8800000,0x00000000c90335f8,0x00000000c9d00000)
GC Heap History (4 events):
Event: 3.980 GC heap before
{Heap before GC invocations=1 (full 0):
 PSYoungGen      total 13824K, used 12175K [0x00000000f0f00000, 0x00000000f1e00000, 0x0000000100000000)
  eden space 12288K, 99% used [0x00000000f0f00000,0x00000000f1ae3f98,0x00000000f1b00000)
  from space 1536K, 0% used [0x00000000f1c80000,0x00000000f1c80000,0x00000000f1e00000)
  to   space 1536K, 0% used [0x00000000f1b00000,0x00000000f1b00000,0x00000000f1c80000)
 ParOldGen       total 30720K, used 0K [0x00000000d2e00000, 0x00000000d4c00000, 0x00000000f0f00000)
  object space 30720K, 0% used [0x00000000d2e00000,0x00000000d2e00000,0x00000000d4c00000)
 PSPermGen       total 21504K, used 8167K [0x00000000c8800000, 0x00000000c9d00000, 0x00000000d2e00000)
  object space 21504K, 37% used [0x00000000c8800000,0x00000000c8ff9e70,0x00000000c9d00000)
Event: 3.986 GC heap after
Heap after GC invocations=1 (full 0):
 PSYoungGen      total 13824K, used 1528K [0x00000000f0f00000, 0x00000000f1e00000, 0x0000000100000000)
  eden space 12288K, 0% used [0x00000000f0f00000,0x00000000f0f00000,0x00000000f1b00000)
  from space 1536K, 99% used [0x00000000f1b00000,0x00000000f1c7e270,0x00000000f1c80000)
  to   space 1536K, 0% used [0x00000000f1c80000,0x00000000f1c80000,0x00000000f1e00000)
 ParOldGen       total 30720K, used 1166K [0x00000000d2e00000, 0x00000000d4c00000, 0x00000000f0f00000)
  object space 30720K, 3% used [0x00000000d2e00000,0x00000000d2f23840,0x00000000d4c00000)
 PSPermGen       total 21504K, used 8167K [0x00000000c8800000, 0x00000000c9d00000, 0x00000000d2e00000)
  object space 21504K, 37% used [0x00000000c8800000,0x00000000c8ff9e70,0x00000000c9d00000)
}
Event: 46.955 GC heap before
{Heap before GC invocations=2 (full 0):
 PSYoungGen      total 13824K, used 13816K [0x00000000f0f00000, 0x00000000f1e00000, 0x0000000100000000)
  eden space 12288K, 100% used [0x00000000f0f00000,0x00000000f1b00000,0x00000000f1b00000)
  from space 1536K, 99% used [0x00000000f1b00000,0x00000000f1c7e270,0x00000000f1c80000)
  to   space 1536K, 0% used [0x00000000f1c80000,0x00000000f1c80000,0x00000000f1e00000)
 ParOldGen       total 30720K, used 1166K [0x00000000d2e00000, 0x00000000d4c00000, 0x00000000f0f00000)
  object space 30720K, 3% used [0x00000000d2e00000,0x00000000d2f23840,0x00000000d4c00000)
 PSPermGen       total 21504K, used 8333K [0x00000000c8800000, 0x00000000c9d00000, 0x00000000d2e00000)
  object space 21504K, 38% used [0x00000000c8800000,0x00000000c9023510,0x00000000c9d00000)
Event: 46.964 GC heap after
Heap after GC invocations=2 (full 0):
 PSYoungGen      total 13824K, used 1528K [0x00000000f0f00000, 0x00000000f1e00000, 0x0000000100000000)
  eden space 12288K, 0% used [0x00000000f0f00000,0x00000000f0f00000,0x00000000f1b00000)
  from space 1536K, 99% used [0x00000000f1c80000,0x00000000f1dfe260,0x00000000f1e00000)
  to   space 1536K, 0% used [0x00000000f1b00000,0x00000000f1b00000,0x00000000f1c80000)
 ParOldGen       total 30720K, used 1273K [0x00000000d2e00000, 0x00000000d4c00000, 0x00000000f0f00000)
  object space 30720K, 4% used [0x00000000d2e00000,0x00000000d2f3e608,0x00000000d4c00000)
 PSPermGen       total 21504K, used 8333K [0x00000000c8800000, 0x00000000c9d00000, 0x00000000d2e00000)
  object space 21504K, 38% used [0x00000000c8800000,0x00000000c9023510,0x00000000c9d00000)
}

